<?xml version="1.0" encoding="UTF-8"?>
<testng-results ignored="0" total="1" passed="1" failed="0" skipped="0">
  <reporter-output>
  </reporter-output>
  <suite started-at="2024-03-23T10:23:48 EDT" name="Default suite" finished-at="2024-03-23T10:24:03 EDT" duration-ms="15198">
    <groups>
    </groups>
    <test started-at="2024-03-23T10:23:48 EDT" name="Default test" finished-at="2024-03-23T10:24:03 EDT" duration-ms="15198">
      <class name="com.ohrm.login.Login">
        <test-method signature="loginTest()[pri:0, instance:com.ohrm.login.Login@13fd2ccd]" started-at="2024-03-23T10:23:48 EDT" name="loginTest" finished-at="2024-03-23T10:24:03 EDT" duration-ms="15148" status="PASS">
          <reporter-output>
          </reporter-output>
        </test-method> <!-- loginTest -->
      </class> <!-- com.ohrm.login.Login -->
    </test> <!-- Default test -->
  </suite> <!-- Default suite -->
</testng-results>
